H -922.149 -381 -131 13
!      ---- Modo de Desenho da Barra ---
BU
!      ---- Tamanho da Fonte das Legendas ---
F 1
!      ---- Cores (Fundo - Identificador - Numero - Valor - Grid)---
RF 255 255 255
RI 128 0 128
RN 128 0 128
RV 0 0 255
RG 0 0 0
!      ---- Grupos Base de Tensão ----
!Ten  lar  R   G   B ID
G 230 1 0 100 0
G 69 1 255 165 0
G 13.8 1 0 64 128
!    ---- Componentes ----
!Numero Tipo Rot Hac Px Py Cor sl Descrip
C  1  1 1025 0 -802.975   -304  1  0 0  1  0  0  0 0
C  3  1 513 0   -640   -304  1  0 0  2  0  0  0 0
C 23  1 513 0 -527.222   -352  1  0 0  3  0  0  0 0
C 27  1 769 0   -400   -352  1  0 0  4  0  0  0 0
C 37  1 513 0 -639.762 -207.295  1  0 0  8  0  0  0 0
C 49  1 257 0 -509.917   -176  2  0 0  7  0  0  0 0
C 53  1 513 0   -400   -176  2  0 0  6  0  0  0 0
C 57  1 513 0 -240.852   -352  2  0 0  5  0  0  0 0
C140  1 513 0   -336    -96  2  0 0  9  0  0  0 0
C161  1 257 0   -448    -80  3  0 0 10  0  0  0 0
C221  1 257 0 -604.951    -80  3  0 0 11  0  0  0 0
C301  1 257 0 -303.119 -128.346  2  0 0 -2  0  0  0 0
C302  1 257 0 -295.443 -128.373  2  0 0 -1  0  0  0 0
C  8 24 1 0 -885.149   -288  1  0 -  1  1  0  0 0
C 24 24 1 0   -592   -336  1  0 -  1  3  0  0 0
C 50  9 3 0 -568.2 -160.518 513  0 -  1  8  7  0 0
C 59  9 3 0 -308.259   -336 513  0 -  1  4  5  0 0
C 65  9 3 0   -320   -272 513  0 -  2  4  5  0 0
C108 32 3 0   -208   -352  2  0 -  1  5  0  0 0
C199  9 3 0 -388.373 -63.7425 515  0 -  1 10  9  0 0
!      ---- Linhas ----
!Numero Tipo hac sl De Para nsg segmentos
L 5 14 0 0   3   1  1  1 2 
L16 14 0 0   3   1  2  1 9 
L28 14 0 0  23  27  1  1 11 
L31 14 0 0  27  23  2  1 12 
L38 14 0 0   1  37  1  1 14 
L42 14 0 0   1  37  2  1 16 
L54 14 0 0  53  49  1  1 19 
L112 14 0 0  57  53  1  1 30 
L146 14 0 0  53 140  1  3 33 48 49 
L151 14 0 0  57 140  1  1 36 
L222 14 0 0 221 161  1  1 43 
L262 14 0 0   3  27  1  1 45 
!     ---- Ligacoes ----
!Numero Flags cor Inic Coni Fin Conf Linhas nqb quebras
U 2 0  1   3   2   1   2   5   0 
U 3 0  1   8   1   1   2  -1   0 
U 9 0  1   3   4   1   4  16   0 
U10 0  1  24   1  23   2  -1   0 
U11 0  1  23   2  27   2  28   0 
U12 0  1  27   4  23   4  31   0 
U14 0  1   1   8  37   2  38   0 
U16 0  1   1  10  37   4  42   0 
U17 0  1  50   1  37   4  -1   0 
U18 0  2  50   2  49   2  -1   0 
U19 0  2  53   2  49   2  54   1  -485.512 -160.069
U21 0  1  59   1  27   2  -1   0 
U22 0  2  59   2  57   2  -1   1  -294.132 -336.112
U25 0  1  65   1  27   6  -1   1  -378.193 -271.878
U26 0  2  65   2  57   6  -1   1  -296.02 -271.878
U27 0  2 108   1  57   1  -1   0 
U30 0  2  57   5  53   2 112   2  -208.124 -288.081 -208.124 -159.103
U36 0  2  57   3 140   4 151   2  -171.698 -320.225 -172.133 -48.2029
U41 0  3 199   1 161   2  -1   0 
U42 0  2 199   2 140   3  -1   0 
U43 0  3 221   2 161   2 222   0 
U45 0  1   3   4  27   7 262   0 
U48 0  2  53   4 301   1 146   0 
U49 0  2 302   1 140   2 146   2  -295.443 -128.373 -295.443 -79.7256
!    ---- Posição de Legenda de Componentes ----
!NumCompo Label Rot Px Py
X   1  3  1     0.00    20.00
X  27  2  1     4.92     8.00
X  27  3  1     4.37    20.00
X  53  2  1     3.50    -7.74
X  53  3  1     2.62     2.95
X  57  2  1    -5.73    14.59
X  57  3  1    -4.81    26.58
X  24  1  1    17.30    -5.61
X  24  2  1    16.43    12.61
!     ---- Posição de Legenda de Ligacoes ----
!Lado NumLig Label Px Py
YI   2  0     0.00     4.00
YI  11  0     0.43     3.13
YI  11  1   -14.79    -7.30
YI  11  2   -16.54    12.78
YF  11  0     0.85     3.57
YI  12  1     5.65     0.00
YI  12  2     6.96    27.48
YF  12  0     0.00     4.00
YF  12  1   -22.61    -4.26
YF  12  2   -21.31    24.87
YI  14  0    -0.00     4.00
YF  17  1     0.93   -11.64
YI  19  0     0.45     3.10
YF  19  0    11.44     3.43
YF  21  0    -1.02    -4.94
YF  22  0   -20.11    -9.72
YF  22  2    -1.53    19.44
YF  25  0    16.83     9.54
YF  26  0    -9.22    -9.54
YI  30  0     3.68     4.66
YI  36  2     0.87    13.56
